mode: set
hangman/internal/domain/session/errors.go:14.39,16.2 1 0
hangman/internal/domain/session/guess.go:15.50,16.28 1 1
hangman/internal/domain/session/guess.go:16.28,18.3 1 1
hangman/internal/domain/session/guess.go:20.2,20.30 1 1
hangman/internal/domain/session/guess.go:20.30,22.3 1 1
hangman/internal/domain/session/guess.go:24.2,27.45 3 1
hangman/internal/domain/session/guess.go:27.45,30.3 2 1
hangman/internal/domain/session/guess.go:32.2,33.15 2 1
hangman/internal/domain/session/session.go:19.80,20.18 1 1
hangman/internal/domain/session/session.go:20.18,25.3 1 1
hangman/internal/domain/session/session.go:27.2,27.19 1 1
hangman/internal/domain/session/session.go:27.19,32.3 1 1
hangman/internal/domain/session/session.go:34.2,42.27 2 1
hangman/internal/domain/session/session.go:42.27,44.3 1 1
hangman/internal/domain/session/session.go:46.2,46.18 1 1
hangman/internal/domain/session/session.go:51.35,52.26 1 1
hangman/internal/domain/session/session.go:52.26,54.3 1 1
hangman/internal/domain/session/session.go:59.38,61.2 1 1
hangman/internal/domain/session/session.go:63.46,65.2 1 1
hangman/internal/domain/session/session.go:67.41,69.2 1 1
hangman/internal/domain/session/session.go:71.36,73.2 1 1
hangman/internal/domain/session/session.go:75.38,77.2 1 1
hangman/internal/domain/session/status.go:11.34,12.25 1 1
hangman/internal/domain/session/status.go:12.25,15.3 2 1
hangman/internal/domain/session/status.go:17.2,17.32 1 1
hangman/internal/domain/session/status.go:17.32,18.30 1 1
hangman/internal/domain/session/status.go:18.30,21.4 2 1
hangman/internal/domain/session/status.go:24.2,24.16 1 1
hangman/internal/domain/dict/selector.go:13.66,18.2 1 1
hangman/internal/domain/dict/selector.go:20.66,21.25 1 1
hangman/internal/domain/dict/selector.go:21.25,23.3 1 0
hangman/internal/domain/dict/selector.go:24.2,24.46 1 1
hangman/internal/domain/dict/selector.go:27.50,29.26 2 1
hangman/internal/domain/dict/selector.go:29.26,31.3 1 0
hangman/internal/domain/dict/selector.go:32.2,32.48 1 1
hangman/internal/app/formatter/formatter.go:14.10,17.30 2 1
hangman/internal/app/formatter/formatter.go:17.30,18.33 1 1
hangman/internal/app/formatter/formatter.go:18.33,20.4 1 1
hangman/internal/app/formatter/formatter.go:20.9,22.4 1 1
hangman/internal/app/formatter/formatter.go:25.2,26.27 2 1
hangman/internal/app/formatter/formatter.go:26.27,28.3 1 1
hangman/internal/app/formatter/formatter.go:30.2,30.36 1 1
hangman/internal/domain/diff/difficulty.go:18.43,20.29 2 1
hangman/internal/domain/diff/difficulty.go:20.29,22.3 1 0
hangman/internal/domain/diff/difficulty.go:24.2,24.13 1 1
hangman/internal/domain/diff/difficulty.go:25.12,26.12 1 1
hangman/internal/domain/diff/difficulty.go:27.14,28.11 1 1
hangman/internal/domain/diff/difficulty.go:29.12,30.11 1 1
hangman/internal/domain/diff/difficulty.go:31.10,32.11 1 0
hangman/internal/domain/diff/difficulty.go:36.55,39.15 2 1
hangman/internal/domain/diff/difficulty.go:40.14,41.12 1 1
hangman/internal/domain/diff/difficulty.go:42.16,43.14 1 1
hangman/internal/domain/diff/difficulty.go:44.14,45.12 1 1
hangman/internal/domain/diff/difficulty.go:46.10,47.83 1 1
hangman/internal/domain/diff/difficulty.go:49.2,49.12 1 1
hangman/internal/app/mode/interactive.go:13.81,18.2 1 1
hangman/internal/app/mode/interactive.go:20.35,21.50 1 1
hangman/internal/app/mode/interactive.go:21.50,30.68 6 1
hangman/internal/app/mode/interactive.go:30.68,32.4 1 1
hangman/internal/app/mode/interactive.go:35.2,37.12 3 1
hangman/internal/app/mode/noninteractive.go:15.102,21.2 1 1
hangman/internal/app/mode/noninteractive.go:23.39,24.35 1 1
hangman/internal/app/mode/noninteractive.go:24.35,26.3 1 1
hangman/internal/app/mode/noninteractive.go:28.2,35.12 3 1
hangman/internal/domain/ctg/category.go:18.53,21.15 2 1
hangman/internal/domain/ctg/category.go:22.17,23.15 1 1
hangman/internal/domain/ctg/category.go:24.19,25.17 1 1
hangman/internal/domain/ctg/category.go:26.16,27.14 1 1
hangman/internal/domain/ctg/category.go:28.14,29.12 1 1
hangman/internal/domain/ctg/category.go:30.10,31.95 1 1
hangman/internal/domain/ctg/category.go:33.2,33.12 1 1
hangman/internal/ui/embed.go:14.22,16.16 2 0
hangman/internal/ui/embed.go:16.16,17.30 1 0
hangman/internal/ui/embed.go:20.2,20.40 1 0
hangman/internal/ui/embed.go:20.40,22.3 1 0
hangman/internal/ui/embed.go:24.2,26.29 2 0
hangman/internal/ui/embed.go:26.29,30.17 3 0
hangman/internal/ui/embed.go:30.17,31.52 1 0
hangman/internal/ui/embed.go:34.3,34.54 1 0
hangman/internal/ui/embed.go:37.2,37.22 1 0
hangman/internal/ui/errors.go:9.36,11.2 1 0
hangman/internal/ui/errors.go:18.37,20.2 1 0
hangman/internal/ui/ui.go:30.73,36.2 1 1
hangman/internal/ui/ui.go:38.39,40.16 2 1
hangman/internal/ui/ui.go:40.16,41.13 1 0
hangman/internal/ui/ui.go:45.53,47.16 2 1
hangman/internal/ui/ui.go:47.16,48.13 1 0
hangman/internal/ui/ui.go:52.29,54.2 1 1
hangman/internal/ui/ui.go:56.47,57.6 1 1
hangman/internal/ui/ui.go:57.6,60.17 3 1
hangman/internal/ui/ui.go:60.17,61.30 1 0
hangman/internal/ui/ui.go:61.30,64.5 2 0
hangman/internal/ui/ui.go:65.4,65.12 1 0
hangman/internal/ui/ui.go:68.3,69.15 2 1
hangman/internal/ui/ui.go:73.36,74.6 1 1
hangman/internal/ui/ui.go:74.6,78.22 3 1
hangman/internal/ui/ui.go:78.22,80.12 2 1
hangman/internal/ui/ui.go:83.3,83.18 1 1
hangman/internal/ui/ui.go:87.79,88.16 1 1
hangman/internal/ui/ui.go:89.30,90.46 1 1
hangman/internal/ui/ui.go:91.25,92.53 1 1
hangman/internal/ui/ui.go:93.23,94.37 1 1
hangman/internal/ui/ui.go:97.2,97.43 1 1
hangman/internal/ui/ui.go:100.60,101.16 1 1
hangman/internal/ui/ui.go:102.19,103.40 1 1
hangman/internal/ui/ui.go:104.20,105.47 1 1
hangman/internal/ui/ui.go:106.26,107.40 1 1
hangman/internal/ui/ui.go:111.44,113.2 1 1
hangman/internal/ui/ui.go:115.52,116.22 1 1
hangman/internal/ui/ui.go:116.22,118.3 1 1
hangman/internal/ui/ui.go:119.2,119.37 1 1
hangman/internal/ui/ui.go:119.37,121.3 1 1
hangman/internal/ui/ui.go:123.2,123.37 1 1
hangman/internal/infra/repo/embed.go:15.29,17.16 2 0
hangman/internal/infra/repo/embed.go:17.16,18.52 1 0
hangman/internal/infra/repo/embed.go:21.2,22.59 2 0
hangman/internal/infra/repo/embed.go:22.59,23.57 1 0
hangman/internal/infra/repo/embed.go:26.2,26.19 1 0
hangman/internal/infra/repo/errors.go:12.38,14.2 1 0
hangman/internal/infra/repo/errors.go:16.38,18.2 1 0
hangman/internal/infra/repo/errors.go:25.43,27.2 1 0
hangman/internal/infra/repo/errors.go:29.43,31.2 1 0
hangman/internal/infra/repo/repo.go:12.76,14.31 2 1
hangman/internal/infra/repo/repo.go:14.31,16.3 1 1
hangman/internal/infra/repo/repo.go:18.2,18.49 1 1
hangman/internal/infra/repo/repo.go:21.63,23.33 2 1
hangman/internal/infra/repo/repo.go:23.33,25.3 1 1
hangman/internal/infra/repo/repo.go:26.2,26.13 1 1
hangman/internal/infra/repo/repo.go:29.84,31.9 2 1
hangman/internal/infra/repo/repo.go:31.9,33.3 1 1
hangman/internal/infra/repo/repo.go:34.2,34.18 1 1
hangman/cmd/hangman/main.go:26.32,28.79 1 0
hangman/cmd/hangman/main.go:28.79,30.3 1 0
hangman/cmd/hangman/main.go:31.2,31.12 1 0
hangman/cmd/hangman/main.go:34.13,38.40 3 0
hangman/cmd/hangman/main.go:38.40,41.3 2 0
hangman/cmd/hangman/main.go:43.2,43.34 1 0
hangman/cmd/hangman/main.go:43.34,46.3 2 0
hangman/cmd/hangman/main.go:49.27,56.27 4 0
hangman/cmd/hangman/main.go:56.27,61.17 2 0
hangman/cmd/hangman/main.go:61.17,63.4 1 0
hangman/cmd/hangman/main.go:65.3,66.18 2 0
hangman/cmd/hangman/main.go:70.2,77.41 6 0
hangman/cmd/hangman/main.go:77.41,78.71 1 0
hangman/cmd/hangman/main.go:78.71,80.4 1 0
hangman/cmd/hangman/main.go:83.2,90.16 3 0
hangman/cmd/hangman/main.go:90.16,92.3 1 0
hangman/cmd/hangman/main.go:94.2,95.17 2 0
hangman/internal/app/mode/mocks/mock_ui.go:32.71,36.2 3 0
hangman/internal/app/mode/mocks/mock_ui.go:39.69,41.2 1 0
hangman/internal/app/mode/mocks/mock_ui.go:44.44,49.2 4 0
hangman/internal/app/mode/mocks/mock_ui.go:52.65,55.2 2 0
hangman/internal/app/mode/mocks/mock_ui.go:58.37,61.2 2 0
hangman/internal/app/mode/mocks/mock_ui.go:64.63,67.2 2 0
hangman/internal/app/mode/mocks/mock_ui.go:70.68,73.2 2 0
hangman/internal/app/mode/mocks/mock_ui.go:76.83,79.2 2 0
hangman/internal/app/mode/mocks/mock_ui.go:82.87,85.2 2 0
hangman/internal/app/mode/mocks/mock_ui.go:88.93,91.2 2 0
hangman/internal/app/mode/mocks/mock_ui.go:94.60,97.2 2 0
hangman/internal/app/mode/mocks/mock_ui.go:100.86,103.2 2 0
hangman/internal/app/mode/mocks/mock_ui.go:106.52,109.2 2 0
hangman/internal/app/mode/mocks/mock_ui.go:112.75,115.2 2 0
hangman/internal/app/mode/mocks/mock_ui.go:118.47,121.24 3 0
hangman/internal/app/mode/mocks/mock_ui.go:121.24,123.3 1 0
hangman/internal/app/mode/mocks/mock_ui.go:124.2,124.39 1 0
hangman/internal/app/mode/mocks/mock_ui.go:128.73,131.2 2 0
hangman/internal/domain/dict/mocks/mock_dict.go:33.65,37.2 3 0
hangman/internal/domain/dict/mocks/mock_dict.go:40.63,42.2 1 0
hangman/internal/domain/dict/mocks/mock_dict.go:45.76,51.2 5 0
hangman/internal/domain/dict/mocks/mock_dict.go:54.71,57.2 2 0
hangman/internal/domain/dict/mocks/mock_dict.go:60.59,65.2 4 0
hangman/internal/domain/dict/mocks/mock_dict.go:68.69,71.2 2 0
hangman/internal/domain/dict/mocks/mock_selector.go:31.59,35.2 3 0
hangman/internal/domain/dict/mocks/mock_selector.go:38.57,40.2 1 0
hangman/internal/domain/dict/mocks/mock_selector.go:43.39,48.2 4 0
hangman/internal/domain/dict/mocks/mock_selector.go:51.61,54.2 2 0
hangman/internal/domain/words/errors.go:9.38,11.2 1 0
hangman/internal/domain/words/words.go:12.36,12.55 1 1
hangman/internal/domain/words/words.go:14.37,14.57 1 1
hangman/internal/domain/words/words.go:16.32,18.2 1 1
hangman/internal/domain/words/words.go:20.50,24.21 3 1
hangman/internal/domain/words/words.go:24.21,26.3 1 1
hangman/internal/domain/words/words.go:28.2,30.12 3 1
